This is pdfTeX, Version 3.1415926-1.40.11 (TeX Live 2010) (format=pdflatex 2010.7.21)  8 MAY 2012 12:55
entering extended mode
 \write18 enabled.
 file:line:error style messages enabled.
 %&-line parsing enabled.
**gradient_derivations_for_milestone_slide.tex
(./gradient_derivations_for_milestone_slide.tex
LaTeX2e <2009/09/24>
Babel <v3.8l> and hyphenation patterns for english, dumylang, nohyphenation, ge
rman-x-2009-06-19, ngerman-x-2009-06-19, ancientgreek, ibycus, arabic, armenian
, basque, bulgarian, catalan, pinyin, coptic, croatian, czech, danish, dutch, u
kenglish, usenglishmax, esperanto, estonian, farsi, finnish, french, galician, 
german, ngerman, swissgerman, monogreek, greek, hungarian, icelandic, assamese,
 bengali, gujarati, hindi, kannada, malayalam, marathi, oriya, panjabi, tamil, 
telugu, indonesian, interlingua, irish, italian, kurmanji, lao, latin, latvian,
 lithuanian, mongolian, mongolianlmc, bokmal, nynorsk, polish, portuguese, roma
nian, russian, sanskrit, serbian, slovak, slovenian, spanish, swedish, turkish,
 turkmen, ukrainian, uppersorbian, welsh, loaded.
(/usr/local/texlive/2010/texmf-dist/tex/latex/base/article.cls
Document Class: article 2007/10/19 v1.4h Standard LaTeX document class
(/usr/local/texlive/2010/texmf-dist/tex/latex/base/size12.clo
File: size12.clo 2007/10/19 v1.4h Standard LaTeX file (size option)
)
\c@part=\count79
\c@section=\count80
\c@subsection=\count81
\c@subsubsection=\count82
\c@paragraph=\count83
\c@subparagraph=\count84
\c@figure=\count85
\c@table=\count86
\abovecaptionskip=\skip41
\belowcaptionskip=\skip42
\bibindent=\dimen102
)
(/usr/local/texlive/2010/texmf-dist/tex/latex/amsmath/amsmath.sty
Package: amsmath 2000/07/18 v2.13 AMS math features
\@mathmargin=\skip43

For additional information on amsmath, use the `?' option.
(/usr/local/texlive/2010/texmf-dist/tex/latex/amsmath/amstext.sty
Package: amstext 2000/06/29 v2.01

(/usr/local/texlive/2010/texmf-dist/tex/latex/amsmath/amsgen.sty
File: amsgen.sty 1999/11/30 v2.0
\@emptytoks=\toks14
\ex@=\dimen103
))
(/usr/local/texlive/2010/texmf-dist/tex/latex/amsmath/amsbsy.sty
Package: amsbsy 1999/11/29 v1.2d
\pmbraise@=\dimen104
)
(/usr/local/texlive/2010/texmf-dist/tex/latex/amsmath/amsopn.sty
Package: amsopn 1999/12/14 v2.01 operator names
)
\inf@bad=\count87
LaTeX Info: Redefining \frac on input line 211.
\uproot@=\count88
\leftroot@=\count89
LaTeX Info: Redefining \overline on input line 307.
\classnum@=\count90
\DOTSCASE@=\count91
LaTeX Info: Redefining \ldots on input line 379.
LaTeX Info: Redefining \dots on input line 382.
LaTeX Info: Redefining \cdots on input line 467.
\Mathstrutbox@=\box26
\strutbox@=\box27
\big@size=\dimen105
LaTeX Font Info:    Redeclaring font encoding OML on input line 567.
LaTeX Font Info:    Redeclaring font encoding OMS on input line 568.
\macc@depth=\count92
\c@MaxMatrixCols=\count93
\dotsspace@=\muskip10
\c@parentequation=\count94
\dspbrk@lvl=\count95
\tag@help=\toks15
\row@=\count96
\column@=\count97
\maxfields@=\count98
\andhelp@=\toks16
\eqnshift@=\dimen106
\alignsep@=\dimen107
\tagshift@=\dimen108
\tagwidth@=\dimen109
\totwidth@=\dimen110
\lineht@=\dimen111
\@envbody=\toks17
\multlinegap=\skip44
\multlinetaggap=\skip45
\mathdisplay@stack=\toks18
LaTeX Info: Redefining \[ on input line 2666.
LaTeX Info: Redefining \] on input line 2667.
)
(/usr/local/texlive/2010/texmf-dist/tex/latex/amscls/amsthm.sty
Package: amsthm 2004/08/06 v2.20
\thm@style=\toks19
\thm@bodyfont=\toks20
\thm@headfont=\toks21
\thm@notefont=\toks22
\thm@headpunct=\toks23
\thm@preskip=\skip46
\thm@postskip=\skip47
\thm@headsep=\skip48
\dth@everypar=\toks24
)
(/usr/local/texlive/2010/texmf-dist/tex/latex/amsfonts/amssymb.sty
Package: amssymb 2009/06/22 v3.00

(/usr/local/texlive/2010/texmf-dist/tex/latex/amsfonts/amsfonts.sty
Package: amsfonts 2009/06/22 v3.00 Basic AMSFonts support
\symAMSa=\mathgroup4
\symAMSb=\mathgroup5
LaTeX Font Info:    Overwriting math alphabet `\mathfrak' in version `bold'
(Font)                  U/euf/m/n --> U/euf/b/n on input line 96.
))
(/usr/local/texlive/2010/texmf-dist/tex/latex/preprint/fullpage.sty
Package: fullpage 1999/02/23 1.1 (PWD)
\FP@margin=\skip49
)
(/usr/local/texlive/2010/texmf-dist/tex/latex/paralist/paralist.sty
Package: paralist 2002/03/18 v2.3b Extended list environments (BS)
\pltopsep=\skip50
\plpartopsep=\skip51
\plitemsep=\skip52
\plparsep=\skip53
\pl@lab=\toks25
)
(/usr/local/texlive/2010/texmf-dist/tex/latex/graphics/graphicx.sty
Package: graphicx 1999/02/16 v1.0f Enhanced LaTeX Graphics (DPC,SPQR)

(/usr/local/texlive/2010/texmf-dist/tex/latex/graphics/keyval.sty
Package: keyval 1999/03/16 v1.13 key=value parser (DPC)
\KV@toks@=\toks26
)
(/usr/local/texlive/2010/texmf-dist/tex/latex/graphics/graphics.sty
Package: graphics 2009/02/05 v1.0o Standard LaTeX Graphics (DPC,SPQR)

(/usr/local/texlive/2010/texmf-dist/tex/latex/graphics/trig.sty
Package: trig 1999/03/16 v1.09 sin cos tan (DPC)
)
(/usr/local/texlive/2010/texmf-dist/tex/latex/latexconfig/graphics.cfg
File: graphics.cfg 2010/04/23 v1.9 graphics configuration of TeX Live
)
Package graphics Info: Driver file: pdftex.def on input line 91.

(/usr/local/texlive/2010/texmf-dist/tex/latex/pdftex-def/pdftex.def
File: pdftex.def 2010/02/14 v0.04n Graphics/color for pdfTeX
\Gread@gobject=\count99
))
\Gin@req@height=\dimen112
\Gin@req@width=\dimen113
)
(/usr/local/texlive/2010/texmf-dist/tex/latex/subfig/subfig.sty
Package: subfig 2005/06/28 ver: 1.3 subfig package

(/usr/local/texlive/2010/texmf-dist/tex/latex/caption/caption.sty
Package: caption 2010/01/09 v3.1m Customizing captions (AR)

(/usr/local/texlive/2010/texmf-dist/tex/latex/caption/caption3.sty
Package: caption3 2010/01/14 v3.1m caption3 kernel (AR)
\captionmargin=\dimen114
\captionmargin@=\dimen115
\captionwidth=\dimen116
\caption@indent=\dimen117
\caption@parindent=\dimen118
\caption@hangindent=\dimen119
)
\c@ContinuedFloat=\count100
)
\c@KVtest=\count101
\sf@farskip=\skip54
\sf@captopadj=\dimen120
\sf@capskip=\skip55
\sf@nearskip=\skip56
\c@subfigure=\count102
\c@subfigure@save=\count103
\c@lofdepth=\count104
\c@subtable=\count105
\c@subtable@save=\count106
\c@lotdepth=\count107
\sf@top=\skip57
\sf@bottom=\skip58
)
(/usr/local/texlive/2010/texmf-dist/tex/generic/xypic/xy.sty
(/usr/local/texlive/2010/texmf-dist/tex/generic/xypic/xy.tex Bootstrap'ing:
catcodes, docmode,
(/usr/local/texlive/2010/texmf-dist/tex/generic/xypic/xyrecat.tex)
(/usr/local/texlive/2010/texmf-dist/tex/generic/xypic/xyidioms.tex)

 Xy-pic version 3.8.2 <2010/06/17>
 Copyright (c) 1991-2010 by Kristoffer H. Rose <krisrose@tug.org>
 Xy-pic is free software: see the User's Guide for details.

Loading kernel: messages; fonts; allocations: state,
\X@c=\dimen121
\Y@c=\dimen122
\U@c=\dimen123
\D@c=\dimen124
\L@c=\dimen125
\R@c=\dimen126
\Edge@c=\toks27
\X@p=\dimen127
\Y@p=\dimen128
\U@p=\dimen129
\D@p=\dimen130
\L@p=\dimen131
\R@p=\dimen132
\Edge@p=\toks28
\X@origin=\dimen133
\Y@origin=\dimen134
\X@xbase=\dimen135
\Y@xbase=\dimen136
\X@ybase=\dimen137
\Y@ybase=\dimen138
\X@min=\dimen139
\Y@min=\dimen140
\X@max=\dimen141
\Y@max=\dimen142
\lastobjectbox@=\box28
\zerodotbox@=\box29
\almostz@=\dimen143
 direction,
\d@X=\dimen144
\d@Y=\dimen145
\K@=\count108
\KK@=\count109
\Direction=\count110
\K@dXdY=\dimen146
\K@dYdX=\dimen147
\xyread@=\read1
\xywrite@=\write3
\csp@=\count111
\quotPTK@=\dimen148

utility macros; pictures: \xy, positions,
\swaptoks@@=\toks29
\connectobjectbox@@=\box30
 objects,
\styletoks@=\toks30
 decorations;
kernel objects: directionals, circles, text; options; algorithms: directions,
edges, connections;  Xy-pic loaded)
(/usr/local/texlive/2010/texmf-dist/tex/generic/oberdiek/ifpdf.sty
Package: ifpdf 2010/01/28 v2.1 Provides the ifpdf switch (HO)
Package ifpdf Info: pdfTeX in pdf mode detected.
)
Package: xy 2010/06/17 Xy-pic version 3.8.2

(/usr/local/texlive/2010/texmf-dist/tex/generic/xypic/xyall.tex
 Xy-pic option: All features v.3.6
(/usr/local/texlive/2010/texmf-dist/tex/generic/xypic/xycurve.tex
 Xy-pic option: Curve and Spline extension v.3.11 curve,
\crv@cnt@=\count112
\crvpts@=\toks31
\splinebox@=\box31
\splineval@=\dimen149
\splinedepth@=\dimen150
\splinetol@=\dimen151
\splinelength@=\dimen152
 circles,
\L@=\dimen153
 loaded)
(/usr/local/texlive/2010/texmf-dist/tex/generic/xypic/xyframe.tex
 Xy-pic option: Frame and Bracket extension v.3.11 loaded)
(/usr/local/texlive/2010/texmf-dist/tex/generic/xypic/xycmtip.tex
 Xy-pic option: Computer Modern tip extension v.3.5
(/usr/local/texlive/2010/texmf-dist/tex/generic/xypic/xytips.tex
 Xy-pic option: More Tips extension v.3.7 loaded) loaded)
(/usr/local/texlive/2010/texmf-dist/tex/generic/xypic/xyline.tex
 Xy-pic option: Line styles extension v.3.9
\xylinethick@=\dimen154
 loaded)
(/usr/local/texlive/2010/texmf-dist/tex/generic/xypic/xyrotate.tex
 Xy-pic option: Rotate and Scale extension v.3.7 loaded)
(/usr/local/texlive/2010/texmf-dist/tex/generic/xypic/xycolor.tex
 Xy-pic option: Colour extension v.3.10 loaded)
(/usr/local/texlive/2010/texmf-dist/tex/generic/xypic/xymatrix.tex
 Xy-pic option: Matrix feature v.3.8
\Row=\count113
\Col=\count114
\queue@=\toks32
\queue@@=\toks33
\qcount@=\count115
\qcount@@=\count116
\matrixsize@=\count117
 loaded)
(/usr/local/texlive/2010/texmf-dist/tex/generic/xypic/xyarrow.tex
 Xy-pic option: Arrow and Path feature v.3.7 path, \ar, loaded)
(/usr/local/texlive/2010/texmf-dist/tex/generic/xypic/xygraph.tex
 Xy-pic option: Graph feature v.3.9 loaded) loaded)
(/usr/local/texlive/2010/texmf-dist/tex/generic/xypic/xypdf.tex
 Xy-pic option: PDF driver v.1.4 Xy-pic pdf driver: `color' extension support
(/usr/local/texlive/2010/texmf-dist/tex/generic/xypic/xypdf-co.tex loaded)
Xy-pic pdf driver: `curve' extension support
(/usr/local/texlive/2010/texmf-dist/tex/generic/xypic/xypdf-cu.tex
\xP@off=\dimen155
\xP@ta=\dimen156
\xP@tb=\dimen157
\xP@tc=\dimen158
\xP@M=\dimen159
\xP@oldobj=\dimen160
\xP@Tax=\dimen161
\xP@Tay=\dimen162
\xP@Tdx=\dimen163
\xP@Tdy=\dimen164
\xP@Tmx=\dimen165
\xP@Tmy=\dimen166
\xP@xa=\dimen167
\xP@ya=\dimen168
\xP@xb=\dimen169
\xP@yb=\dimen170
\xP@xc=\dimen171
\xP@yc=\dimen172
\xP@xd=\dimen173
\xP@yd=\dimen174
 loaded)
Xy-pic pdf driver: `frame' extension support
(/usr/local/texlive/2010/texmf-dist/tex/generic/xypic/xypdf-fr.tex loaded)
Xy-pic pdf driver: `line' extension support
(/usr/local/texlive/2010/texmf-dist/tex/generic/xypic/xypdf-li.tex loaded)
Xy-pic pdf driver: `rotate' extension support
(/usr/local/texlive/2010/texmf-dist/tex/generic/xypic/xypdf-ro.tex loaded)
loaded))
\c@thm=\count118

No file gradient_derivations_for_milestone_slide.aux.
\openout1 = `gradient_derivations_for_milestone_slide.aux'.

LaTeX Font Info:    Checking defaults for OML/cmm/m/it on input line 37.
LaTeX Font Info:    ... okay on input line 37.
LaTeX Font Info:    Checking defaults for T1/cmr/m/n on input line 37.
LaTeX Font Info:    ... okay on input line 37.
LaTeX Font Info:    Checking defaults for OT1/cmr/m/n on input line 37.
LaTeX Font Info:    ... okay on input line 37.
LaTeX Font Info:    Checking defaults for OMS/cmsy/m/n on input line 37.
LaTeX Font Info:    ... okay on input line 37.
LaTeX Font Info:    Checking defaults for OMX/cmex/m/n on input line 37.
LaTeX Font Info:    ... okay on input line 37.
LaTeX Font Info:    Checking defaults for U/cmr/m/n on input line 37.
LaTeX Font Info:    ... okay on input line 37.
(/usr/local/texlive/2010/texmf-dist/tex/context/base/supp-pdf.mkii
[Loading MPS to PDF converter (version 2006.09.02).]
\scratchcounter=\count119
\scratchdimen=\dimen155
\scratchbox=\box32
\nofMPsegments=\count120
\nofMParguments=\count121
\everyMPshowfont=\toks34
\MPscratchCnt=\count122
\MPscratchDim=\dimen156
\MPnumerator=\count123
\everyMPtoPDFconversion=\toks35
) (/usr/local/texlive/2010/texmf-dist/tex/generic/oberdiek/pdftexcmds.sty
Package: pdftexcmds 2010/04/01 v0.9 Utility functions of pdfTeX for LuaTeX (HO)


(/usr/local/texlive/2010/texmf-dist/tex/generic/oberdiek/infwarerr.sty
Package: infwarerr 2010/04/08 v1.3 Providing info/warning/message (HO)
)
(/usr/local/texlive/2010/texmf-dist/tex/generic/oberdiek/ifluatex.sty
Package: ifluatex 2010/03/01 v1.3 Provides the ifluatex switch (HO)
Package ifluatex Info: LuaTeX not detected.
)
(/usr/local/texlive/2010/texmf-dist/tex/generic/oberdiek/ltxcmds.sty
Package: ltxcmds 2010/04/26 v1.7 LaTeX kernel commands for general use (HO)
)
Package pdftexcmds Info: LuaTeX not detected.
Package pdftexcmds Info: \pdf@primitive is available.
Package pdftexcmds Info: \pdf@ifprimitive is available.
)
(/usr/local/texlive/2010/texmf-dist/tex/latex/oberdiek/epstopdf-base.sty
Package: epstopdf-base 2010/02/09 v2.5 Base part for package epstopdf

(/usr/local/texlive/2010/texmf-dist/tex/latex/oberdiek/grfext.sty
Package: grfext 2007/09/30 v1.0 Managing graphics extensions (HO)
)
(/usr/local/texlive/2010/texmf-dist/tex/latex/oberdiek/kvoptions.sty
Package: kvoptions 2010/02/22 v3.7 Keyval support for LaTeX options (HO)

(/usr/local/texlive/2010/texmf-dist/tex/generic/oberdiek/kvsetkeys.sty
Package: kvsetkeys 2010/03/01 v1.9 Key value parser (HO)

(/usr/local/texlive/2010/texmf-dist/tex/generic/oberdiek/etexcmds.sty
Package: etexcmds 2010/01/28 v1.3 Prefix for e-TeX command names (HO)
Package etexcmds Info: Could not find \expanded.
(etexcmds)             That can mean that you are not using pdfTeX 1.50 or
(etexcmds)             that some package has redefined \expanded.
(etexcmds)             In the latter case, load this package earlier.
)))
Package grfext Info: Graphics extension search list:
(grfext)             [.png,.pdf,.jpg,.mps,.jpeg,.jbig2,.jb2,.PNG,.PDF,.JPG,.JPE
G,.JBIG2,.JB2,.eps]
(grfext)             \AppendGraphicsExtensions on input line 436.

(/usr/local/texlive/2010/texmf-dist/tex/latex/latexconfig/epstopdf-sys.cfg
File: epstopdf-sys.cfg 2010/07/13 v1.3 Configuration of (r)epstopdf for TeX Liv
e
))
Package caption Info: Begin \AtBeginDocument code.
Package caption3 Info: subfig package 1.2 or 1.3 is loaded.
LaTeX Info: Redefining \subref on input line 37.
Package caption Info: End \AtBeginDocument code.
LaTeX Font Info:    Try loading font information for U+msa on input line 37.

(/usr/local/texlive/2010/texmf-dist/tex/latex/amsfonts/umsa.fd
File: umsa.fd 2009/06/22 v3.00 AMS symbols A
)
LaTeX Font Info:    Try loading font information for U+msb on input line 37.

(/usr/local/texlive/2010/texmf-dist/tex/latex/amsfonts/umsb.fd
File: umsb.fd 2009/06/22 v3.00 AMS symbols B
)
Package xypdf Info: Line width: 0.47998pt on input line 37.


LaTeX Warning: No \author given.


Underfull \hbox (badness 10000) in paragraph at lines 48--51

 []


Underfull \hbox (badness 10000) in paragraph at lines 48--51

 []


Overfull \hbox (20.98367pt too wide) detected at line 63
[]\OML/cmm/m/it/12 z[] \OT1/cmr/m/n/12 = [] [] [] [] []
 []


Underfull \hbox (badness 10000) in paragraph at lines 63--66

 []


Underfull \hbox (badness 10000) in paragraph at lines 63--66

 []

[1

{/usr/local/texlive/2010/texmf-var/fonts/map/pdftex/updmap/pdftex.map}]
(./gradient_derivations_for_milestone_slide.aux) ) 
Here is how much of TeX's memory you used:
 6140 strings out of 493747
 83635 string characters out of 3143546
 192937 words of memory out of 3000000
 9323 multiletter control sequences out of 15000+200000
 12608 words of font info for 53 fonts, out of 3000000 for 9000
 714 hyphenation exceptions out of 8191
 44i,6n,42p,3251b,197s stack positions out of 5000i,500n,10000p,200000b,50000s
</usr/local/texlive/2010/texm
f-dist/fonts/type1/public/amsfonts/cm/cmex10.pfb></usr/local/texlive/2010/texmf
-dist/fonts/type1/public/amsfonts/cm/cmmi12.pfb></usr/local/texlive/2010/texmf-
dist/fonts/type1/public/amsfonts/cm/cmmi6.pfb></usr/local/texlive/2010/texmf-di
st/fonts/type1/public/amsfonts/cm/cmmi8.pfb></usr/local/texlive/2010/texmf-dist
/fonts/type1/public/amsfonts/cm/cmr12.pfb></usr/local/texlive/2010/texmf-dist/f
onts/type1/public/amsfonts/cm/cmr17.pfb></usr/local/texlive/2010/texmf-dist/fon
ts/type1/public/amsfonts/cm/cmr8.pfb></usr/local/texlive/2010/texmf-dist/fonts/
type1/public/amsfonts/cm/cmsy10.pfb></usr/local/texlive/2010/texmf-dist/fonts/t
ype1/public/amsfonts/cm/cmsy8.pfb>
Output written on gradient_derivations_for_milestone_slide.pdf (1 page, 80948 b
ytes).
PDF statistics:
 44 PDF objects out of 1000 (max. 8388607)
 31 compressed objects within 1 object stream
 0 named destinations out of 1000 (max. 500000)
 1 words of extra memory for PDF output out of 10000 (max. 10000000)

